<?xml version="1.0" encoding="UTF-8"?>
<!-- Generated by org.testng.reporters.JUnitReportReporter -->
<testsuite hostname="RATHISH-PC" name="jenkinsWithMaven.VerifyTitle" tests="1" failures="0" timestamp="9 Nov 2019 16:07:36 GMT" time="90.552" errors="0">
  <testcase name="verifyvalidlogin" time="90.552" classname="jenkinsWithMaven.VerifyTitle"/>
</testsuite> <!-- jenkinsWithMaven.VerifyTitle -->
