<?xml version="1.0" encoding="UTF-8"?>
<!-- Generated by org.testng.reporters.JUnitReportReporter -->
<testsuite hostname="RATHISH-PC" name="jenkinsWithMaven.VerifyTitle" tests="1" failures="0" timestamp="25 Aug 2019 14:51:59 GMT" time="24.892" errors="0">
  <testcase name="verifyvalidlogin" time="24.892" classname="jenkinsWithMaven.VerifyTitle"/>
</testsuite> <!-- jenkinsWithMaven.VerifyTitle -->
