<?xml version="1.0" encoding="UTF-8"?>
<!-- Generated by org.testng.reporters.JUnitReportReporter -->
<testsuite hostname="RATHISH-PC" name="extentReports.Reports" tests="1" failures="0" timestamp="12 May 2019 11:49:20 GMT" time="15.831" errors="0">
  <testcase name="verifyHome" time="15.831" classname="extentReports.Reports"/>
</testsuite> <!-- extentReports.Reports -->
