<?xml version="1.0" encoding="UTF-8"?>
<!-- Generated by org.testng.reporters.JUnitReportReporter -->
<testsuite hostname="RATHISH-PC" name="jenkinsDemo.JenkinsDemo" tests="1" failures="0" timestamp="25 Aug 2019 07:12:54 GMT" time="0.177" errors="0">
  <testcase name="testJenkins" time="0.177" classname="jenkinsDemo.JenkinsDemo"/>
</testsuite> <!-- jenkinsDemo.JenkinsDemo -->
