<?xml version="1.0" encoding="UTF-8"?>
<!-- Generated by org.testng.reporters.JUnitReportReporter -->
<testsuite hostname="RATHISH-PC" name="jenkinsWithMaven.VerifyTitle" tests="1" failures="0" timestamp="25 Aug 2019 16:12:14 GMT" time="49.748" errors="0">
  <testcase name="verifyvalidlogin" time="49.748" classname="jenkinsWithMaven.VerifyTitle"/>
</testsuite> <!-- jenkinsWithMaven.VerifyTitle -->
